<?xml version="1.0" encoding="UTF-8"?>
<testsuite xmlns:xsi="http://www.w3.org/2001/XMLSchema-instance" xsi:noNamespaceSchemaLocation="https://maven.apache.org/surefire/maven-surefire-plugin/xsd/surefire-test-report-3.0.xsd" version="3.0" name="geocoding.AddressResolverTest" time="1.56" tests="2" errors="0" skipped="0" failures="0">
  <properties>
[...]
</properties>
  <testcase name="whenBadCoordidates_thenReturnNoValidAddress" classname="geocoding.AddressResolverTest" time="1.486">
    <system-err><![CDATA[fev 23, 2023 3:38:03 DA TARDE geocoding.AddressResolver findAddressForLocation
INFO: {"info":{"statuscode":0,"copyright":{"text":"\u00A9 2021 MapQuest, Inc.","imageUrl":"http://api.mqcdn.com/res/mqlogo.gif","imageAltText":"\u00A9 2021 MapQuest, Inc."},"messages":[]},"options":{"maxResults":1,"thumbMaps":true,"ignoreLatLngInput":false},"results":[{"providedLocation":{"latLng":{"lat":40.6318,"lng":-200.0}},"locations":[]}]}
]]></system-err>
  </testcase>
  <testcase name="whenResolveDetiGps_returnJacintoMagalhaeAddress" classname="geocoding.AddressResolverTest" time="0.013">
    <system-err><![CDATA[fev 23, 2023 3:38:03 DA TARDE geocoding.AddressResolver findAddressForLocation
INFO: {"info":{"statuscode":0,"copyright":{"text":"© 2022 MapQuest, Inc.","imageUrl":"http://api.mqcdn.com/res/mqlogo.gif","imageAltText":"© 2022 MapQuest, Inc."},"messages":[]},"options":{"maxResults":1,"ignoreLatLngInput":false},"results":[{"providedLocation":{"latLng":{"lat":40.633116,"lng":-8.658784}},"locations":[{"street":"Avenida João Jacinto de Magalhães","adminArea6":"Aveiro","adminArea6Type":"Neighborhood","adminArea5":"Aveiro","adminArea5Type":"City","adminArea4":"Aveiro","adminArea4Type":"County","adminArea3":"","adminArea3Type":"State","adminArea1":"PT","adminArea1Type":"Country","postalCode":"3810-149","geocodeQualityCode":"B1AAA","geocodeQuality":"STREET","dragPoint":false,"sideOfStreet":"L","linkId":"0","unknownInput":"","type":"s","latLng":{"lat":40.63312,"lng":-8.65873},"displayLatLng":{"lat":40.63312,"lng":-8.65873},"mapUrl":""}]}]}
]]></system-err>
  </testcase>
</testsuite>