<?xml version="1.0" encoding="UTF-8"?>
<testsuite xmlns:xsi="http://www.w3.org/2001/XMLSchema-instance" xsi:noNamespaceSchemaLocation="https://maven.apache.org/surefire/maven-surefire-plugin/xsd/surefire-test-report-3.0.xsd" version="3.0" name="tqs.AppTest" time="6.42" tests="4" errors="0" skipped="0" failures="0">
  <properties>
[...]
</properties>
  <testcase name="testStatusCodeIs200" classname="tqs.AppTest" time="4.51"/>
  <testcase name="tesTodo4" classname="tqs.AppTest" time="1.27"/>
  <testcase name="testResponseTimeLessThan2Seconds" classname="tqs.AppTest" time="0.173"/>
  <testcase name="testTodo198And199Exist" classname="tqs.AppTest" time="0.376"/>
</testsuite>